2025-05-28T21:58:07.564Z info: Directory ensured: data
2025-05-28T21:58:07.567Z info: Directory ensured: data/templates
2025-05-28T21:58:07.567Z info: Directory ensured: data/projects
2025-05-28T21:58:07.568Z info: Directory ensured: data/assets
2025-05-28T21:58:07.568Z info: Directory ensured: data/backups
2025-05-28T21:58:07.568Z info: Directory ensured: partials
2025-05-28T21:58:07.569Z info: Starting Express API server on port 5000
2025-05-28T22:01:42.658Z info: Port 5000 is already in use. Checking if our application is running...
2025-05-28T22:01:42.683Z info: Application is already running on port 5000. Opening browser to existing instance...
2025-05-28T22:02:57.605Z info: Port 5000 is already in use. Checking if our application is running...
2025-05-28T22:02:57.627Z info: Application is already running on port 5000. Opening browser to existing instance...
2025-05-28T22:04:36.143Z info: Port 5000 is already in use. Checking if our application is running...
2025-05-28T22:04:36.163Z info: Application is already running on port 5000. Opening browser to existing instance...
2025-05-28T22:04:36.480Z info: Browser opened successfully
2025-05-28T22:08:10.013Z info: Port 5000 is already in use. Checking if our application is running...
2025-05-28T22:08:10.035Z info: Application is already running on port 5000. Opening browser to existing instance...
2025-05-28T22:08:10.306Z info: Browser opened successfully
2025-05-28T22:10:37.990Z info: Directory ensured: data
2025-05-28T22:10:37.992Z info: Directory ensured: data/templates
2025-05-28T22:10:37.993Z info: Directory ensured: data/projects
2025-05-28T22:10:37.993Z info: Directory ensured: data/assets
2025-05-28T22:10:37.994Z info: Directory ensured: data/backups
2025-05-28T22:10:37.994Z info: Directory ensured: partials
2025-05-28T22:10:37.994Z info: Starting Express API server on port 5000
2025-05-28T22:22:40.398Z info: Directory ensured: data
2025-05-28T22:22:40.400Z info: Directory ensured: data/templates
2025-05-28T22:22:40.401Z info: Directory ensured: data/projects
2025-05-28T22:22:40.401Z info: Directory ensured: data/assets
2025-05-28T22:22:40.402Z info: Directory ensured: data/backups
2025-05-28T22:22:40.402Z info: Directory ensured: partials
2025-05-28T22:22:40.402Z info: Starting Express API server on port 5000
2025-05-28T22:22:40.403Z info: Opening browser to http://localhost:5000
2025-05-28T22:22:40.702Z info: Browser opened successfully
2025-05-28T22:25:22.039Z info: Serving cached partial: header-section.html
2025-05-28T22:25:22.044Z info: Serving cached partial: main-container.html
2025-05-28T22:25:22.048Z info: Serving cached partial: footer-section.html
2025-05-28T22:30:28.188Z info: Port 5000 is already in use. Checking if our application is running...
2025-05-28T22:30:28.212Z info: Application is already running on port 5000. Opening browser to existing instance...
2025-05-28T22:30:28.502Z info: Browser opened successfully
2025-05-28T22:30:28.748Z info: Serving cached partial: header-section.html
2025-05-28T22:30:28.751Z info: Serving cached partial: main-container.html
2025-05-28T22:30:28.776Z info: Serving cached partial: footer-section.html
2025-05-28T22:48:50.772Z info: Port 5000 is already in use. Checking if our application is running...
2025-05-28T22:48:50.797Z info: Application is already running on port 5000. Opening browser to existing instance...
2025-05-28T22:48:51.108Z info: Browser opened successfully
2025-05-28T22:50:28.121Z info: Serving cached partial: header-section.html
2025-05-28T22:50:28.128Z info: Serving cached partial: main-container.html
2025-05-28T22:50:28.133Z info: Serving cached partial: footer-section.html
2025-05-28T23:05:37.647Z info: Port 5000 is already in use. Checking if our application is running...
2025-05-28T23:05:37.669Z info: Application is already running on port 5000. Opening browser to existing instance...
2025-05-28T23:05:37.988Z info: Browser opened successfully
2025-05-28T23:05:38.347Z info: Serving cached partial: header-section.html
2025-05-28T23:05:38.432Z error: Client error: {"message":"Failed to load partial: header-section.html","details":"TypeError: Failed to fetch","severity":"ERROR","timestamp":1748473538352,"source":"APIPartialLoader"}
2025-05-28T23:05:38.437Z info: Serving cached partial: main-container.html
2025-05-28T23:05:51.511Z info: Serving cached partial: header-section.html
2025-05-28T23:05:51.515Z info: Serving cached partial: main-container.html
2025-05-28T23:05:51.527Z info: Serving cached partial: footer-section.html
2025-05-28T23:30:13.764Z info: Serving cached partial: header-section.html
2025-05-28T23:30:13.768Z info: Serving cached partial: main-container.html
2025-05-28T23:30:13.775Z info: Serving cached partial: footer-section.html
2025-05-28T23:33:40.080Z info: Port 5000 is already in use. Checking if our application is running...
2025-05-28T23:33:40.107Z info: Application is already running on port 5000. Opening browser to existing instance...
2025-05-28T23:33:40.483Z info: Browser opened successfully
2025-05-28T23:33:40.717Z info: Serving cached partial: header-section.html
2025-05-28T23:33:40.739Z info: Serving cached partial: main-container.html
2025-05-28T23:33:40.759Z info: Serving cached partial: footer-section.html
2025-05-28T23:44:12.502Z info: Port 5000 is already in use. Checking if our application is running...
2025-05-28T23:44:12.525Z info: Application is already running on port 5000. Opening browser to existing instance...
2025-05-28T23:44:12.847Z info: Browser opened successfully
2025-05-29T00:04:07.997Z info: Port 5000 is already in use. Checking if our application is running...
2025-05-29T00:04:08.024Z info: Application is already running on port 5000. Opening browser to existing instance...
2025-05-29T00:04:08.322Z info: Browser opened successfully
2025-05-29T00:46:30.019Z info: Port 5000 is already in use. Checking if our application is running...
2025-05-29T00:46:30.042Z info: Application is already running on port 5000. Opening browser to existing instance...
2025-05-29T00:46:30.345Z info: Browser opened successfully
2025-05-29T00:57:30.801Z info: Port 5000 is already in use. Checking if our application is running...
2025-05-29T00:57:30.821Z info: Application is already running on port 5000. Opening browser to existing instance...
2025-05-29T00:57:31.110Z info: Browser opened successfully
2025-05-29T01:03:49.076Z info: Directory ensured: data
2025-05-29T01:03:49.079Z info: Directory ensured: data/templates
2025-05-29T01:03:49.079Z info: Directory ensured: data/projects
2025-05-29T01:03:49.080Z info: Directory ensured: data/assets
2025-05-29T01:03:49.080Z info: Directory ensured: data/backups
2025-05-29T01:03:49.081Z info: Directory ensured: partials
2025-05-29T01:03:49.081Z info: Starting Express API server on port 5000
2025-05-29T01:03:49.081Z info: Opening browser to http://localhost:5000
2025-05-29T01:03:49.353Z info: Browser opened successfully
2025-05-29T01:17:10.500Z info: Directory ensured: data
2025-05-29T01:17:10.502Z info: Directory ensured: data/templates
2025-05-29T01:17:10.502Z info: Directory ensured: data/projects
2025-05-29T01:17:10.503Z info: Directory ensured: data/assets
2025-05-29T01:17:10.503Z info: Directory ensured: data/backups
2025-05-29T01:17:10.503Z info: Directory ensured: partials
2025-05-29T01:17:10.504Z info: Starting Express API server on port 5000
2025-05-29T01:17:10.504Z info: Opening browser to http://localhost:5000
2025-05-29T01:17:10.779Z info: Browser opened successfully
